{"target": 0.318072081696022, "params": {"c": 0.7643620954412976, "confidence": 0.22309314297993554, "lr": 0.02501168573325696}, "datetime": {"datetime": "2024-05-24 21:44:11", "elapsed": 190348.72049, "delta": 8596.207882}}
 {"target": 0.29609992540142127, "params": {"c": 0.49723411639747916, "confidence": 0.0018239893001139595, "lr": 0.007004283184424916}, "datetime": {"datetime": "2024-06-11 04:24:52", "elapsed": 822570.014019, "delta": 15390.624792}}
 {"target": 0.2910140396338317, "params": {"c": 0.5817945457606322, "confidence": 0.3894646210290641, "lr": 0.03264989039444878}, "datetime": {"datetime": "2024-06-04 16:02:48", "elapsed": 259646.586736, "delta": 15394.480077}}
 {"target": 0.2905130392554003, "params": {"c": 0.2911375440388956, "confidence": 0.10566509827382253, "lr": 0.02443690634835204}, "datetime": {"datetime": "2024-06-11 00:08:21", "elapsed": 807179.389227, "delta": 15267.207177}}
 {"target": 0.2793702004905425, "params": {"c": 0.0001, "confidence": 0.0, "lr": 0.1}, "datetime": {"datetime": "2024-05-25 09:47:48", "elapsed": 233765.697961, "delta": 8641.132558}}
 {"target": 0.2761112314928683, "params": {"c": 0.5157525678513621, "confidence": 0.0820523035086379, "lr": 0.06835591160196959}, "datetime": {"datetime": "2024-05-22 16:51:42", "elapsed": 0.0, "delta": 0.0}}
 {"target": 0.2759340035098984, "params": {"c": 0.5171757361898772, "confidence": 0.0856835487067108, "lr": 0.06919286990810442}, "datetime": {"datetime": "2024-05-23 00:04:27", "elapsed": 25965.03749, "delta": 8640.601362}}
 {"target": 0.2719102866162568, "params": {"c": 0.4221967030244576, "confidence": 0.7346902651272624, "lr": 0.08493685411919487}, "datetime": {"datetime": "2024-06-05 04:46:19", "elapsed": 305457.708389, "delta": 15115.214505}}
 {"target": 0.27033695036194527, "params": {"c": 0.0063755824795107665, "confidence": 0.6067097645605186, "lr": 0.09416637336318129}, "datetime": {"datetime": "2024-06-08 13:20:09", "elapsed": 595487.681575, "delta": 15073.543315}}
 {"target": 0.2690554758707798, "params": {"c": 0.0001, "confidence": 0.1874795078935374, "lr": 0.1}, "datetime": {"datetime": "2024-06-02 21:41:21", "elapsed": 107159.04717, "delta": 15092.048116}}
 {"target": 0.26819563644731914, "params": {"c": 0.13025975261879905, "confidence": 0.11143111683199669, "lr": 0.09468665730782955}, "datetime": {"datetime": "2024-06-09 14:32:38", "elapsed": 686235.890226, "delta": 15067.6267}}
 {"target": 0.26804477499131685, "params": {"c": 0.2569028514550981, "confidence": 0.7220342609476971, "lr": 0.1}, "datetime": {"datetime": "2024-06-12 18:38:32", "elapsed": 960190.11848, "delta": 15484.50835}}
 {"target": 0.2673387242567037, "params": {"c": 0.2888671021630441, "confidence": 0.20528224016773552, "lr": 0.1}, "datetime": {"datetime": "2024-06-12 22:54:41", "elapsed": 975559.632477, "delta": 15369.513997}}
 {"target": 0.2672428999928386, "params": {"c": 0.8857626529414155, "confidence": 0.5705606791496404, "lr": 0.05749703882185262}, "datetime": {"datetime": "2024-06-03 18:47:28", "elapsed": 183125.94696, "delta": 15160.811665}}
 {"target": 0.26692386417814806, "params": {"c": 0.21883365735092336, "confidence": 0.0, "lr": 0.1}, "datetime": {"datetime": "2024-05-23 21:45:19", "elapsed": 104017.332964, "delta": 8650.06846}}
 {"target": 0.2668724735051805, "params": {"c": 0.1496847953052956, "confidence": 0.2593469288120529, "lr": 0.1}, "datetime": {"datetime": "2024-05-24 04:56:51", "elapsed": 129908.8104, "delta": 8596.042728}}
 {"target": 0.26636984070005076, "params": {"c": 1.0, "confidence": 0.6229482231425937, "lr": 0.1}, "datetime": {"datetime": "2024-06-08 21:45:37", "elapsed": 625815.1105, "delta": 15134.135008}}
 {"target": 0.2663287707030271, "params": {"c": 0.6256900227754455, "confidence": 0.24739058551968107, "lr": 0.09681108058092967}, "datetime": {"datetime": "2024-06-08 00:38:57", "elapsed": 549815.011244, "delta": 15335.116055}}
 {"target": 0.26630418426870894, "params": {"c": 0.38634557912751893, "confidence": 0.0005825353704526082, "lr": 0.09906880642516419}, "datetime": {"datetime": "2024-06-11 17:08:08", "elapsed": 868366.386398, "delta": 15046.192024}}
 {"target": 0.2659499603288843, "params": {"c": 0.8499041394039287, "confidence": 0.1333811108065941, "lr": 0.1}, "datetime": {"datetime": "2024-06-08 09:08:56", "elapsed": 580414.13826, "delta": 15433.544347}}
 {"target": 0.26577639841150613, "params": {"c": 0.7699972446560591, "confidence": 0.28692202283633106, "lr": 0.09469092249572009}, "datetime": {"datetime": "2024-06-02 08:56:18", "elapsed": 61256.404836, "delta": 15418.055997}}
 {"target": 0.2657094995903223, "params": {"c": 0.6069634924293053, "confidence": 0.7300622413008631, "lr": 0.1}, "datetime": {"datetime": "2024-05-24 14:33:16", "elapsed": 164494.479937, "delta": 8691.822296}}
 {"target": 0.2656881935991653, "params": {"c": 0.29559945287315015, "confidence": 0.33644386460151593, "lr": 0.1}, "datetime": {"datetime": "2024-06-04 03:16:42", "elapsed": 213680.375094, "delta": 15112.872973}}
 {"target": 0.26562320978349996, "params": {"c": 0.3625301815138955, "confidence": 0.09011941206052154, "lr": 0.09883615013381454}, "datetime": {"datetime": "2024-06-07 03:34:31", "elapsed": 473949.745831, "delta": 15073.648174}}
 {"target": 0.2652749129089985, "params": {"c": 0.594555369982107, "confidence": 0.0, "lr": 0.1}, "datetime": {"datetime": "2024-06-09 22:54:03", "elapsed": 716321.752202, "delta": 15028.306629}}
 {"target": 0.2649186626074004, "params": {"c": 0.7533641500729631, "confidence": 0.002856990558752104, "lr": 0.09890763606524547}, "datetime": {"datetime": "2024-06-05 09:04:11", "elapsed": 320929.566857, "delta": 15471.858468}}
 {"target": 0.2646981284789207, "params": {"c": 1.0, "confidence": 0.2316219008485426, "lr": 0.1}, "datetime": {"datetime": "2024-05-23 12:06:05", "elapsed": 69263.105181, "delta": 8702.771451}}
 {"target": 0.26455267550302475, "params": {"c": 0.7775392273430805, "confidence": 0.0, "lr": 0.1}, "datetime": {"datetime": "2024-05-24 00:08:11", "elapsed": 112589.321184, "delta": 8571.98822}}
 {"target": 0.2642365299669359, "params": {"c": 0.0001, "confidence": 0.32735597383785386, "lr": 0.1}, "datetime": {"datetime": "2024-06-10 03:05:46", "elapsed": 731424.27238, "delta": 15102.520178}}
 {"target": 0.26400556867504676, "params": {"c": 0.17371015634371897, "confidence": 0.45337686479756173, "lr": 0.1}, "datetime": {"datetime": "2024-06-06 19:05:17", "elapsed": 443395.826178, "delta": 15504.722326}}
 {"target": 0.263950900520484, "params": {"c": 0.004927154641543274, "confidence": 0.45356606114372233, "lr": 0.08964933966583787}, "datetime": {"datetime": "2024-05-23 07:15:44", "elapsed": 51842.399917, "delta": 8676.054356}}
 {"target": 0.2637283465747554, "params": {"c": 1.0, "confidence": 0.0, "lr": 0.1}, "datetime": {"datetime": "2024-05-26 07:26:02", "elapsed": 311659.919743, "delta": 8725.211241}}
 {"target": 0.2637255836377521, "params": {"c": 0.42102026888344785, "confidence": 0.37602990269070036, "lr": 0.1}, "datetime": {"datetime": "2024-06-13 11:38:58", "elapsed": 1021416.73253, "delta": 14987.649037}}
 {"target": 0.26365624425348483, "params": {"c": 0.5108747272015017, "confidence": 0.8242874473846792, "lr": 0.09930898433660643}, "datetime": {"datetime": "2024-06-03 06:09:57", "elapsed": 137675.014218, "delta": 15426.667166}}
 {"target": 0.2624597059310042, "params": {"c": 0.9195517743540182, "confidence": 0.35776565976210206, "lr": 0.1}, "datetime": {"datetime": "2024-06-07 07:47:16", "elapsed": 489114.310736, "delta": 15164.564905}}
 {"target": 0.26208973571205896, "params": {"c": 0.37508161955244745, "confidence": 0.5296496912165523, "lr": 0.1}, "datetime": {"datetime": "2024-05-24 16:55:54", "elapsed": 173051.897262, "delta": 8557.417325}}
 {"target": 0.26178988545467163, "params": {"c": 0.3929276449574487, "confidence": 0.7210668515089571, "lr": 0.1}, "datetime": {"datetime": "2024-05-23 09:41:02", "elapsed": 60560.33373, "delta": 8717.933813}}
 {"target": 0.26017698521720123, "params": {"c": 0.6015981389956079, "confidence": 0.5679841017262502, "lr": 0.1}, "datetime": {"datetime": "2024-06-05 21:46:46", "elapsed": 366684.440134, "delta": 15467.517268}}
 {"target": 0.2601373304447312, "params": {"c": 0.14564939983630848, "confidence": 0.6419588854769417, "lr": 0.1}, "datetime": {"datetime": "2024-05-24 09:44:43", "elapsed": 147181.482003, "delta": 8613.987452}}
 {"target": 0.25987969897393015, "params": {"c": 0.23950327957415693, "confidence": 0.5393706748486932, "lr": 0.09815324922334748}, "datetime": {"datetime": "2024-06-14 12:55:13", "elapsed": 1112391.199174, "delta": 15151.667076}}
 {"target": 0.2598476729934026, "params": {"c": 0.7692933942117596, "confidence": 0.4888148395142132, "lr": 0.1}, "datetime": {"datetime": "2024-05-24 12:08:25", "elapsed": 155802.657641, "delta": 8621.175638}}
 {"target": 0.2576079659156608, "params": {"c": 0.7311559466687553, "confidence": 0.6281668784350125, "lr": 0.1}, "datetime": {"datetime": "2024-06-13 03:11:49", "elapsed": 990987.824037, "delta": 15428.19156}}
 {"target": 0.2569207752951177, "params": {"c": 0.8330125257300096, "confidence": 0.7241616648532953, "lr": 0.1}, "datetime": {"datetime": "2024-05-24 07:21:09", "elapsed": 138567.494551, "delta": 8658.684151}}
 {"target": 0.2554557928067167, "params": {"c": 0.2269648288563504, "confidence": 0.8237803647064468, "lr": 0.1}, "datetime": {"datetime": "2024-06-03 14:34:47", "elapsed": 167965.135295, "delta": 15179.189355}}
 {"target": 0.25133683466959106, "params": {"c": 0.661608732097995, "confidence": 0.8328097102030126, "lr": 0.1}, "datetime": {"datetime": "2024-06-07 20:23:22", "elapsed": 534479.895189, "delta": 15086.7914}}
 {"target": 0.24896154399466897, "params": {"c": 1.0, "confidence": 0.7537865078242182, "lr": 0.1}, "datetime": {"datetime": "2024-06-05 17:28:59", "elapsed": 351216.922866, "delta": 15130.892408}}
 {"target": 0.2489336304017309, "params": {"c": 0.47463581632156615, "confidence": 0.8196287093657901, "lr": 0.09732839558389521}, "datetime": {"datetime": "2024-06-14 21:22:23", "elapsed": 1142821.879813, "delta": 15322.671546}}
 {"target": 0.24433656337005183, "params": {"c": 0.0001, "confidence": 0.7468338397488652, "lr": 0.1}, "datetime": {"datetime": "2024-06-03 10:21:48", "elapsed": 152785.94594, "delta": 15110.931722}}
 {"target": 0.22532328827437492, "params": {"c": 0.36279051698053866, "confidence": 0.8675430236988979, "lr": 0.1}, "datetime": {"datetime": "2024-06-09 01:57:29", "elapsed": 640927.177239, "delta": 15112.066739}}
 {"target": 0.14845483869006013, "params": {"c": 0.5855198920270709, "confidence": 0.950875229558664, "lr": 0.0982701298980411}, "datetime": {"datetime": "2024-06-08 17:33:23", "elapsed": 610680.975492, "delta": 15193.293917}}
 {"target": 0.13087869677235384, "params": {"c": 0.500305086664758, "confidence": 0.9354655030006581, "lr": 0.08822024723915034}, "datetime": {"datetime": "2024-06-01 15:55:22", "elapsed": 0.0, "delta": 0.0}}
 {"target": 0.05919219409843275, "params": {"c": 0.8671526492705577, "confidence": 0.8114857928212096, "lr": 0.02930300365488025}, "datetime": {"datetime": "2024-06-01 20:06:59", "elapsed": 15097.2698, "delta": 15097.2698}}
 {"target": 0.05702623436455924, "params": {"c": 0.9233256431734423, "confidence": 0.46014706344113165, "lr": 0.014965913053592248}, "datetime": {"datetime": "2024-06-10 15:42:42", "elapsed": 776839.956219, "delta": 15072.62998}}
 {"target": 0.04009852870886644, "params": {"c": 0.9479072658330995, "confidence": 0.3450902903794095, "lr": 0.007861155855063834}, "datetime": {"datetime": "2024-06-13 07:29:11", "elapsed": 1006429.083493, "delta": 15441.259456}}
 {"target": 0.021209354264612672, "params": {"c": 0.999159969546672, "confidence": 0.321457036840456, "lr": 0.005132581824557958}, "datetime": {"datetime": "2024-05-25 14:36:48", "elapsed": 251105.732957, "delta": 8617.158901}}
 {"target": 0.019216806410958406, "params": {"c": 0.6747067826159111, "confidence": 0.1244437243200307, "lr": 0.002900060512311328}, "datetime": {"datetime": "2024-06-07 16:11:55", "elapsed": 519393.103789, "delta": 15130.258981}}
 {"target": 0.009988260276214113, "params": {"c": 0.8487656188606544, "confidence": 0.0, "lr": 0.0001}, "datetime": {"datetime": "2024-06-04 07:29:48", "elapsed": 228866.555602, "delta": 15186.180508}}
 {"target": 0.00998575672158198, "params": {"c": 0.14799618864854952, "confidence": 0.0, "lr": 0.0001}, "datetime": {"datetime": "2024-06-03 01:52:50", "elapsed": 122248.347052, "delta": 15089.299882}}
 {"target": 0.004974715506876047, "params": {"c": 0.6873093589734849, "confidence": 0.6632890824627932, "lr": 0.0}, "datetime": {"datetime": "2024-05-23 14:31:48", "elapsed": 78006.001155, "delta": 8742.895974}}
 {"target": 0.004974715506876047, "params": {"c": 0.0001, "confidence": 0.6253181256630981, "lr": 0.0}, "datetime": {"datetime": "2024-05-25 00:10:05", "elapsed": 199103.555263, "delta": 8754.834773}}
 {"target": 0.004974715506876047, "params": {"c": 0.4683951943452813, "confidence": 0.601276991648054, "lr": 0.0}, "datetime": {"datetime": "2024-05-25 05:00:24", "elapsed": 216522.530308, "delta": 8712.96745}}
 {"target": 0.004974715506876047, "params": {"c": 0.2600236860063519, "confidence": 0.6442491363030642, "lr": 0.0}, "datetime": {"datetime": "2024-05-25 07:23:46", "elapsed": 225124.565403, "delta": 8602.035095}}
 {"target": 0.004974715506876047, "params": {"c": 0.8644572243818089, "confidence": 0.5704535052876648, "lr": 0.0}, "datetime": {"datetime": "2024-05-25 16:59:10", "elapsed": 259647.90758, "delta": 8542.174623}}
 {"target": 0.004974715506876047, "params": {"c": 0.7368715763453578, "confidence": 0.820743348383441, "lr": 0.00041138917995936497}, "datetime": {"datetime": "2024-05-26 00:12:07", "elapsed": 285624.929868, "delta": 8579.286818}}
 {"target": 0.004974715506876047, "params": {"c": 1.0, "confidence": 0.6897900436100366, "lr": 0.0001}, "datetime": {"datetime": "2024-06-02 00:23:16", "elapsed": 30474.295148, "delta": 15377.025348}}
 {"target": 0.004974715506876047, "params": {"c": 0.46831146051159234, "confidence": 0.6000273416997824, "lr": 0.004959203164666596}, "datetime": {"datetime": "2024-06-02 13:13:01", "elapsed": 76659.490381, "delta": 15403.085545}}
 {"target": 0.004974715506876047, "params": {"c": 0.12646507230345264, "confidence": 0.7460666960213803, "lr": 0.0001}, "datetime": {"datetime": "2024-06-03 23:04:49", "elapsed": 198567.502121, "delta": 15441.555161}}
 {"target": 0.004974715506876047, "params": {"c": 0.12749006405703023, "confidence": 0.7453468772507087, "lr": 0.0013578766960651101}, "datetime": {"datetime": "2024-06-05 13:16:48", "elapsed": 336086.030458, "delta": 15156.463601}}
 {"target": 0.004974715506876047, "params": {"c": 0.599391179155222, "confidence": 0.8393341291149191, "lr": 0.0001}, "datetime": {"datetime": "2024-06-06 06:17:17", "elapsed": 397315.196309, "delta": 15184.230723}}
 {"target": 0.004974715506876047, "params": {"c": 0.8575712983951338, "confidence": 0.7115344121383634, "lr": 0.0001}, "datetime": {"datetime": "2024-06-06 14:46:53", "elapsed": 427891.103852, "delta": 15092.094827}}
 {"target": 0.004974715506876047, "params": {"c": 0.3126855950257131, "confidence": 0.7783946801561027, "lr": 0.0001}, "datetime": {"datetime": "2024-06-06 23:23:18", "elapsed": 458876.097657, "delta": 15480.271479}}
 {"target": 0.004974715506876047, "params": {"c": 0.9998973917068013, "confidence": 0.6909203041306973, "lr": 0.0014671074449149964}, "datetime": {"datetime": "2024-06-08 04:51:42", "elapsed": 564980.593913, "delta": 15165.582669}}
 {"target": 0.004974715506876047, "params": {"c": 0.5581221072445101, "confidence": 0.6935140206451833, "lr": 0.0001}, "datetime": {"datetime": "2024-06-09 06:09:19", "elapsed": 656036.967861, "delta": 15109.790622}}
 {"target": 0.004974715506876047, "params": {"c": 0.34856269165554676, "confidence": 0.5568994936032475, "lr": 0.0001}, "datetime": {"datetime": "2024-06-11 08:41:24", "elapsed": 837962.603344, "delta": 15392.589325}}
 {"target": 0.004974715506876047, "params": {"c": 0.13001925104336548, "confidence": 0.6070707403981956, "lr": 0.003983703788938559}, "datetime": {"datetime": "2024-06-11 12:57:22", "elapsed": 853320.194374, "delta": 15357.59103}}
 {"target": 0.004974715506876047, "params": {"c": 0.38402524703208596, "confidence": 0.6888585908607953, "lr": 0.0001}, "datetime": {"datetime": "2024-06-11 21:18:46", "elapsed": 883404.737447, "delta": 15038.351049}}
 {"target": 0.004974715506876047, "params": {"c": 0.571206374811503, "confidence": 0.5476565432222109, "lr": 0.0001}, "datetime": {"datetime": "2024-06-12 01:30:53", "elapsed": 898530.96505, "delta": 15126.227603}}
 {"target": 0.004974715506876047, "params": {"c": 0.7499693948143361, "confidence": 0.558499490232769, "lr": 0.0001}, "datetime": {"datetime": "2024-06-12 05:47:05", "elapsed": 913903.61566, "delta": 15372.65061}}
 {"target": 0.004974715506876047, "params": {"c": 0.0001, "confidence": 0.7348916729934671, "lr": 0.0001}, "datetime": {"datetime": "2024-06-12 10:03:24", "elapsed": 929282.234427, "delta": 15378.618767}}
 {"target": 0.004974715506876047, "params": {"c": 1.0, "confidence": 0.5519065885898545, "lr": 0.0001}, "datetime": {"datetime": "2024-06-13 15:57:11", "elapsed": 1036909.797015, "delta": 15493.064485}}
 {"target": 0.004974715506876047, "params": {"c": 0.4864799786292013, "confidence": 0.8061253693963298, "lr": 0.0001}, "datetime": {"datetime": "2024-06-14 04:31:43", "elapsed": 1082181.257442, "delta": 15064.913575}}
 {"target": 0.004974715506876047, "params": {"c": 0.7567314372073267, "confidence": 0.7389407099297945, "lr": 0.0001}, "datetime": {"datetime": "2024-06-14 08:42:41", "elapsed": 1097239.532098, "delta": 15058.274656}}
 {"target": 0.0025916005794059324, "params": {"c": 0.2671905207239384, "confidence": 0.44821905258293343, "lr": 0.0}, "datetime": {"datetime": "2024-05-23 19:21:09", "elapsed": 95367.264504, "delta": 8701.357337}}
 {"target": 0.0025916005794059324, "params": {"c": 0.7936642710808253, "confidence": 0.2930470874661333, "lr": 0.0}, "datetime": {"datetime": "2024-05-24 02:33:35", "elapsed": 121312.767672, "delta": 8723.446488}}
 {"target": 0.0025916005794059324, "params": {"c": 0.27307772263263164, "confidence": 0.14870601367279265, "lr": 0.0}, "datetime": {"datetime": "2024-05-24 19:20:54", "elapsed": 181752.512608, "delta": 8700.615346}}
 {"target": 0.0025916005794059324, "params": {"c": 0.0001, "confidence": 0.2851399479412192, "lr": 0.0}, "datetime": {"datetime": "2024-05-25 02:35:11", "elapsed": 207809.562858, "delta": 8706.007595}}
 {"target": 0.0025916005794059324, "params": {"c": 0.10404052069747619, "confidence": 0.4969510079492364, "lr": 0.0}, "datetime": {"datetime": "2024-05-25 19:23:42", "elapsed": 268319.885319, "delta": 8671.977739}}
 {"target": 0.0025916005794059324, "params": {"c": 0.5592864485972685, "confidence": 0.25094091314664385, "lr": 0.0}, "datetime": {"datetime": "2024-05-25 21:49:08", "elapsed": 277045.64305, "delta": 8725.757731}}
 {"target": 0.0025916005794059324, "params": {"c": 0.916813521423879, "confidence": 0.1354542593356961, "lr": 0.001068554925487053}, "datetime": {"datetime": "2024-05-26 05:00:37", "elapsed": 302934.708502, "delta": 8717.0813}}
 {"target": 0.0025916005794059324, "params": {"c": 0.3849466565254727, "confidence": 0.3294441185567082, "lr": 0.0001}, "datetime": {"datetime": "2024-06-02 04:39:20", "elapsed": 45838.348839, "delta": 15364.053691}}
 {"target": 0.0025916005794059324, "params": {"c": 0.6643822451125073, "confidence": 0.479181857148341, "lr": 0.0001}, "datetime": {"datetime": "2024-06-02 17:29:49", "elapsed": 92066.999054, "delta": 15407.508673}}
 {"target": 0.0025916005794059324, "params": {"c": 0.1676766098745679, "confidence": 0.3290814933582866, "lr": 0.0001}, "datetime": {"datetime": "2024-06-04 11:46:14", "elapsed": 244252.106659, "delta": 15385.551057}}
 {"target": 0.0025916005794059324, "params": {"c": 0.1117883572557528, "confidence": 0.16095539962170924, "lr": 0.0001}, "datetime": {"datetime": "2024-06-04 20:21:16", "elapsed": 275154.176381, "delta": 15507.589645}}
 {"target": 0.0025916005794059324, "params": {"c": 0.8757977639349166, "confidence": 0.4177047320146791, "lr": 0.0001}, "datetime": {"datetime": "2024-06-05 00:34:24", "elapsed": 290342.493884, "delta": 15188.317503}}
 {"target": 0.0025916005794059324, "params": {"c": 0.4527594229266112, "confidence": 0.4604099453531195, "lr": 0.0001}, "datetime": {"datetime": "2024-06-06 10:35:21", "elapsed": 412799.009025, "delta": 15483.812716}}
 {"target": 0.0025916005794059324, "params": {"c": 0.42704406585317656, "confidence": 0.14116551337573638, "lr": 0.0001}, "datetime": {"datetime": "2024-06-07 11:59:44", "elapsed": 504262.844808, "delta": 15148.534072}}
 {"target": 0.0025916005794059324, "params": {"c": 0.697969968980634, "confidence": 0.351293128225761, "lr": 0.0001}, "datetime": {"datetime": "2024-06-09 10:21:30", "elapsed": 671168.263526, "delta": 15131.295665}}
 {"target": 0.0025916005794059324, "params": {"c": 0.0001, "confidence": 0.41910662962753464, "lr": 0.0001}, "datetime": {"datetime": "2024-06-09 18:43:35", "elapsed": 701293.445573, "delta": 15057.555347}}
 {"target": 0.0025916005794059324, "params": {"c": 0.9999757637020598, "confidence": 0.1625257050980845, "lr": 0.0001225104204332581}, "datetime": {"datetime": "2024-06-10 07:16:58", "elapsed": 746496.489382, "delta": 15072.217002}}
 {"target": 0.0025916005794059324, "params": {"c": 0.28749813886823444, "confidence": 0.2705553149416261, "lr": 0.003690842576387053}, "datetime": {"datetime": "2024-06-10 11:31:29", "elapsed": 761767.326239, "delta": 15270.836857}}
 {"target": 0.0025916005794059324, "params": {"c": 0.9055311756030437, "confidence": 0.24855015851354323, "lr": 0.0002098230320157827}, "datetime": {"datetime": "2024-06-10 19:53:54", "elapsed": 791912.18205, "delta": 15072.225831}}
