 {"target": 0.0025916005794059324, "params": {"c": 0.0001, "confidence": 0.15294010781937092, "lr": 0.0001}, "datetime": {"datetime": "2024-06-14 17:07:01", "elapsed": 1127499.208267, "delta": 15108.009093}}
 {"target": 0.00017898277064644016, "params": {"c": 0.0007922303388399151, "confidence": 0.015723013733454194, "lr": 6.187977561973312e-05}, "datetime": {"datetime": "2024-05-22 19:16:18", "elapsed": 8675.99597, "delta": 8675.99597}}
 {"target": 0.00017898277064644016, "params": {"c": 1.0, "confidence": 0.0, "lr": 0.0}, "datetime": {"datetime": "2024-05-23 04:51:08", "elapsed": 43166.345561, "delta": 8545.325759}}
 {"target": 0.00017898277064644016, "params": {"c": 0.6671132776320142, "confidence": 0.0, "lr": 0.0}, "datetime": {"datetime": "2024-05-25 12:13:10", "elapsed": 242488.574056, "delta": 8722.876095}}
 {"target": 0.00017898277064644016, "params": {"c": 0.3453319663700139, "confidence": 0.0, "lr": 0.0}, "datetime": {"datetime": "2024-05-26 02:35:19", "elapsed": 294217.627202, "delta": 8592.697334}}
 {"target": 0.00017898277064644016, "params": {"c": 0.7825970969451922, "confidence": 0.08715918536481641, "lr": 0.0001}, "datetime": {"datetime": "2024-06-12 14:20:27", "elapsed": 944705.61013, "delta": 15423.375703}}
 {"target": 0.0, "params": {"c": 0.0001, "confidence": 1.0, "lr": 0.0}, "datetime": {"datetime": "2024-05-22 21:40:26", "elapsed": 17324.436128, "delta": 8648.440158}}
 {"target": 0.0, "params": {"c": 1.0, "confidence": 1.0, "lr": 0.0}, "datetime": {"datetime": "2024-05-23 02:28:43", "elapsed": 34621.019802, "delta": 8655.982312}}
 {"target": 0.0, "params": {"c": 0.4526307615410243, "confidence": 1.0, "lr": 0.0}, "datetime": {"datetime": "2024-05-23 16:56:08", "elapsed": 86665.907167, "delta": 8659.906012}}
 {"target": 0.0, "params": {"c": 0.7714291530544516, "confidence": 1.0, "lr": 0.1}, "datetime": {"datetime": "2024-06-06 02:04:13", "elapsed": 382130.965586, "delta": 15446.525452}}
 {"target": 0.0, "params": {"c": 0.6603472109695196, "confidence": 0.9054451810128527, "lr": 0.0001}, "datetime": {"datetime": "2024-06-13 20:09:12", "elapsed": 1052030.655771, "delta": 15120.858756}}
 {"target": 0.0, "params": {"c": 0.22976719015632888, "confidence": 1.0, "lr": 0.1}, "datetime": {"datetime": "2024-06-14 00:20:38", "elapsed": 1067116.343867, "delta": 15085.688096}}