{"target": 0.27011707899019455, "params": {"c": 1.2622756424356176, "confidence": 0.6410194742903966, "lr": 0.04909018468513393}, "datetime": {"datetime": "2024-06-24 20:50:35", "elapsed": 0.0, "delta": 0.0}}
 {"target": 0.27009443577511383, "params": {"c": 5.6449225143449215, "confidence": 0.7696980819287338, "lr": 0.09729373056820534}, "datetime": {"datetime": "2024-06-23 07:31:21", "elapsed": 134840.001455, "delta": 26654.988961}}
 {"target": 0.2700082200285462, "params": {"c": 5.780876071729288, "confidence": 0.632609954361143, "lr": 0.00033501765214939607}, "datetime": {"datetime": "2024-06-26 05:04:39", "elapsed": 116043.283611, "delta": 18558.257077}}
 {"target": 0.2699918608636097, "params": {"c": 8.720589108308976, "confidence": 0.3589136116954592, "lr": 0.027048954706214247}, "datetime": {"datetime": "2024-06-25 12:17:51", "elapsed": 55635.175765, "delta": 19413.591784}}
 {"target": 0.26997781205099225, "params": {"c": 8.06011701051495, "confidence": 0.6389791987006262, "lr": 0.0009358800888866135}, "datetime": {"datetime": "2024-06-25 18:39:32", "elapsed": 78536.979201, "delta": 22901.803436}}
 {"target": 0.26996887031596695, "params": {"c": 4.198659502781236, "confidence": 0.16913371715914705, "lr": 0.08351663533278468}, "datetime": {"datetime": "2024-06-25 01:54:57", "elapsed": 18262.056652, "delta": 18262.056652}}
 {"target": 0.2699585372023805, "params": {"c": 9.65768323217191, "confidence": 0.6872900541547912, "lr": 0.06648041700133112}, "datetime": {"datetime": "2024-06-24 03:59:46", "elapsed": 208545.03683, "delta": 33718.043391}}
 {"target": 0.26993486585791027, "params": {"c": 6.921680925183324, "confidence": 0.3381051109048856, "lr": 0.03658839458212882}, "datetime": {"datetime": "2024-06-25 23:55:20", "elapsed": 97485.026534, "delta": 18948.047333}}
 {"target": 0.2699318699712018, "params": {"c": 9.993958854431664, "confidence": 0.0702975029438061, "lr": 0.008478817877444122}, "datetime": {"datetime": "2024-06-22 01:35:08", "elapsed": 27067.820461, "delta": 27067.820461}}
 {"target": 0.269930093962063, "params": {"c": 3.665049196033062, "confidence": 0.5600417226867772, "lr": 0.06569925192947113}, "datetime": {"datetime": "2024-06-21 18:04:01", "elapsed": 0.0, "delta": 0.0}}
 {"target": 0.2699297343823297, "params": {"c": 1.1288966025219482, "confidence": 0.4046580466427492, "lr": 0.02189860653124282}, "datetime": {"datetime": "2024-06-23 18:37:48", "elapsed": 174826.993439, "delta": 39986.991984}}
 {"target": 0.26990899659226, "params": {"c": 8.162300214151943, "confidence": 0.7158844147893758, "lr": 0.021821772801898665}, "datetime": {"datetime": "2024-06-23 00:07:06", "elapsed": 108185.012494, "delta": 26685.588257}}
 {"target": 0.26955272733422253, "params": {"c": 9.948831385546674, "confidence": 0.5315988968991677, "lr": 0.06889753576363679}, "datetime": {"datetime": "2024-06-22 09:05:53", "elapsed": 54112.644539, "delta": 27044.824078}}
 {"target": 0.264819804178401, "params": {"c": 2.5009607692394473, "confidence": 0.06671225040238127, "lr": 0.03305588480125951}, "datetime": {"datetime": "2024-06-22 16:42:20", "elapsed": 81499.424237, "delta": 27386.779698}}
 {"target": 0.260046097942202, "params": {"c": 5.039969053175705, "confidence": 0.887308948844302, "lr": 0.0226566041486729}, "datetime": {"datetime": "2024-06-25 06:54:17", "elapsed": 36221.583981, "delta": 17959.527329}}